{"uuid":"c270719f-e426-4218-bcb8-b113751ebe81","historyId":"b41c32f5f903b92aa5dc288dc9c20702","fullName":"todoAndroid.code","labels":[{"name":"package","value":"todoAndroid"},{"name":"testClass","value":"todoAndroid"},{"name":"testMethod","value":"code"},{"name":"parentSuite","value":"Testing Google Apps"},{"name":"suite","value":"Regression"},{"name":"subSuite","value":"todoAndroid"},{"name":"host","value":"MacBook-Air-Kasin.local"},{"name":"thread","value":"33213@MacBook-Air-Kasin.local.main(1)"},{"name":"framework","value":"testng"},{"name":"language","value":"java"}],"links":[],"name":"code","status":"broken","statusDetails":{"known":false,"muted":false,"flaky":false,"message":"An unknown server-side error occurred while processing the command. Original error: Must provide a selector when finding elements\nBuild info: version: '3.141.59', revision: 'e82be7d358', time: '2018-11-14T08:17:03'\nSystem info: host: 'MacBook-Air-Kasin.local', ip: 'fe80:0:0:0:10aa:8fd4:5e68:1256%en0', os.name: 'Mac OS X', os.arch: 'aarch64', os.version: '12.0.1', java.version: '11.0.16.1'\nDriver info: io.appium.java_client.android.AndroidDriver\nCapabilities {appActivity: kz.bcc.starbanking.ui.scree..., appPackage: kz.bcc.starbanking.stage, databaseEnabled: false, desired: {appActivity: kz.bcc.starbanking.ui.scree..., appPackage: kz.bcc.starbanking.stage, deviceName: Redmi Note 10S, platformName: android, platformVersion: 11.0}, deviceApiLevel: 30, deviceManufacturer: Xiaomi, deviceModel: M2101K7BG, deviceName: 8XROHY8LJBEA7LVS, deviceScreenDensity: 440, deviceScreenSize: 1080x2400, deviceUDID: 8XROHY8LJBEA7LVS, javascriptEnabled: true, locationContextEnabled: false, networkConnectionEnabled: true, pixelRatio: 2.75, platform: LINUX, platformName: Android, platformVersion: 11, statBarHeight: 93, takesScreenshot: true, viewportRect: {height: 2084, left: 0, top: 93, width: 1080}, warnings: {}, webStorageEnabled: false}\nSession ID: 3969fb73-9c1e-4ee9-909e-d2ccbafcbcfd\n*** Element info: {Using=xpath, value=}","trace":"org.openqa.selenium.WebDriverException: An unknown server-side error occurred while processing the command. Original error: Must provide a selector when finding elements\nBuild info: version: '3.141.59', revision: 'e82be7d358', time: '2018-11-14T08:17:03'\nSystem info: host: 'MacBook-Air-Kasin.local', ip: 'fe80:0:0:0:10aa:8fd4:5e68:1256%en0', os.name: 'Mac OS X', os.arch: 'aarch64', os.version: '12.0.1', java.version: '11.0.16.1'\nDriver info: io.appium.java_client.android.AndroidDriver\nCapabilities {appActivity: kz.bcc.starbanking.ui.scree..., appPackage: kz.bcc.starbanking.stage, databaseEnabled: false, desired: {appActivity: kz.bcc.starbanking.ui.scree..., appPackage: kz.bcc.starbanking.stage, deviceName: Redmi Note 10S, platformName: android, platformVersion: 11.0}, deviceApiLevel: 30, deviceManufacturer: Xiaomi, deviceModel: M2101K7BG, deviceName: 8XROHY8LJBEA7LVS, deviceScreenDensity: 440, deviceScreenSize: 1080x2400, deviceUDID: 8XROHY8LJBEA7LVS, javascriptEnabled: true, locationContextEnabled: false, networkConnectionEnabled: true, pixelRatio: 2.75, platform: LINUX, platformName: Android, platformVersion: 11, statBarHeight: 93, takesScreenshot: true, viewportRect: {height: 2084, left: 0, top: 93, width: 1080}, warnings: {}, webStorageEnabled: false}\nSession ID: 3969fb73-9c1e-4ee9-909e-d2ccbafcbcfd\n*** Element info: {Using=xpath, value=}\n\tat java.base/jdk.internal.reflect.NativeConstructorAccessorImpl.newInstance0(Native Method)\n\tat java.base/jdk.internal.reflect.NativeConstructorAccessorImpl.newInstance(NativeConstructorAccessorImpl.java:62)\n\tat java.base/jdk.internal.reflect.DelegatingConstructorAccessorImpl.newInstance(DelegatingConstructorAccessorImpl.java:45)\n\tat java.base/java.lang.reflect.Constructor.newInstance(Constructor.java:490)\n\tat org.openqa.selenium.remote.http.W3CHttpResponseCodec.createException(W3CHttpResponseCodec.java:187)\n\tat org.openqa.selenium.remote.http.W3CHttpResponseCodec.decode(W3CHttpResponseCodec.java:122)\n\tat org.openqa.selenium.remote.http.W3CHttpResponseCodec.decode(W3CHttpResponseCodec.java:49)\n\tat org.openqa.selenium.remote.HttpCommandExecutor.execute(HttpCommandExecutor.java:158)\n\tat io.appium.java_client.remote.AppiumCommandExecutor.execute(AppiumCommandExecutor.java:247)\n\tat org.openqa.selenium.remote.RemoteWebDriver.execute(RemoteWebDriver.java:552)\n\tat io.appium.java_client.DefaultGenericMobileDriver.execute(DefaultGenericMobileDriver.java:41)\n\tat io.appium.java_client.AppiumDriver.execute(AppiumDriver.java:1)\n\tat io.appium.java_client.android.AndroidDriver.execute(AndroidDriver.java:1)\n\tat org.openqa.selenium.remote.RemoteWebDriver.findElement(RemoteWebDriver.java:323)\n\tat io.appium.java_client.DefaultGenericMobileDriver.findElement(DefaultGenericMobileDriver.java:61)\n\tat io.appium.java_client.AppiumDriver.findElement(AppiumDriver.java:1)\n\tat io.appium.java_client.android.AndroidDriver.findElement(AndroidDriver.java:1)\n\tat org.openqa.selenium.remote.RemoteWebDriver.findElementByXPath(RemoteWebDriver.java:428)\n\tat io.appium.java_client.DefaultGenericMobileDriver.findElementByXPath(DefaultGenericMobileDriver.java:151)\n\tat io.appium.java_client.AppiumDriver.findElementByXPath(AppiumDriver.java:1)\n\tat io.appium.java_client.android.AndroidDriver.findElementByXPath(AndroidDriver.java:1)\n\tat org.openqa.selenium.By$ByXPath.findElement(By.java:353)\n\tat org.openqa.selenium.remote.RemoteWebDriver.findElement(RemoteWebDriver.java:315)\n\tat io.appium.java_client.DefaultGenericMobileDriver.findElement(DefaultGenericMobileDriver.java:57)\n\tat io.appium.java_client.AppiumDriver.findElement(AppiumDriver.java:1)\n\tat io.appium.java_client.android.AndroidDriver.findElement(AndroidDriver.java:1)\n\tat AuthListPage.waitforloadaccountList(AuthListPage.java:105)\n\tat TestBase.auth_complete(TestBase.java:39)\n\tat todoAndroid.code(todoAndroid.java:70)\n\tat java.base/jdk.internal.reflect.NativeMethodAccessorImpl.invoke0(Native Method)\n\tat java.base/jdk.internal.reflect.NativeMethodAccessorImpl.invoke(NativeMethodAccessorImpl.java:62)\n\tat java.base/jdk.internal.reflect.DelegatingMethodAccessorImpl.invoke(DelegatingMethodAccessorImpl.java:43)\n\tat java.base/java.lang.reflect.Method.invoke(Method.java:566)\n\tat org.testng.internal.MethodInvocationHelper.invokeMethod(MethodInvocationHelper.java:124)\n\tat org.testng.internal.Invoker.invokeMethod(Invoker.java:583)\n\tat org.testng.internal.Invoker.invokeTestMethod(Invoker.java:719)\n\tat org.testng.internal.Invoker.invokeTestMethods(Invoker.java:989)\n\tat org.testng.internal.TestMethodWorker.invokeTestMethods(TestMethodWorker.java:125)\n\tat org.testng.internal.TestMethodWorker.run(TestMethodWorker.java:109)\n\tat org.testng.TestRunner.privateRun(TestRunner.java:648)\n\tat org.testng.TestRunner.run(TestRunner.java:505)\n\tat org.testng.SuiteRunner.runTest(SuiteRunner.java:455)\n\tat org.testng.SuiteRunner.runSequentially(SuiteRunner.java:450)\n\tat org.testng.SuiteRunner.privateRun(SuiteRunner.java:415)\n\tat org.testng.SuiteRunner.run(SuiteRunner.java:364)\n\tat org.testng.SuiteRunnerWorker.runSuite(SuiteRunnerWorker.java:52)\n\tat org.testng.SuiteRunnerWorker.run(SuiteRunnerWorker.java:84)\n\tat org.testng.TestNG.runSuitesSequentially(TestNG.java:1208)\n\tat org.testng.TestNG.runSuitesLocally(TestNG.java:1137)\n\tat org.testng.TestNG.runSuites(TestNG.java:1049)\n\tat org.testng.TestNG.run(TestNG.java:1017)\n\tat com.intellij.rt.testng.IDEARemoteTestNG.run(IDEARemoteTestNG.java:66)\n\tat com.intellij.rt.testng.RemoteTestNGStarter.main(RemoteTestNGStarter.java:109)\n"},"stage":"finished","steps":[{"name":"Клик по кнопке Войти на экране сплеша","status":"passed","stage":"finished","steps":[],"attachments":[],"parameters":[],"start":1669978599938,"stop":1669978602557},{"name":"Ввод телефона 7756655544 в поле телефона","status":"passed","stage":"finished","steps":[],"attachments":[],"parameters":[{"name":"login","value":"7756655544"}],"start":1669978602558,"stop":1669978604016},{"name":"Ввод пароля orapas123 в поле пароля","status":"passed","stage":"finished","steps":[],"attachments":[],"parameters":[{"name":"pass","value":"orapas123"}],"start":1669978604016,"stop":1669978605005},{"name":"Клик по кнопке Войти на экране авторизации","status":"passed","stage":"finished","steps":[],"attachments":[],"parameters":[],"start":1669978605005,"stop":1669978605688},{"name":"Попытка клика по кнопке разрешения на получение геолокации","status":"passed","stage":"finished","steps":[],"attachments":[],"parameters":[],"start":1669978605689,"stop":1669978606700},{"name":"setButtonsCode","status":"passed","stage":"finished","steps":[],"attachments":[],"parameters":[],"start":1669978606701,"stop":1669978618045},{"name":"waitforloadaccountList","status":"broken","statusDetails":{"known":false,"muted":false,"flaky":false,"message":"An unknown server-side error occurred while processing the command. Original error: Must provide a selector when finding elements\nBuild info: version: '3.141.59', revision: 'e82be7d358', time: '2018-11-14T08:17:03'\nSystem info: host: 'MacBook-Air-Kasin.local', ip: 'fe80:0:0:0:10aa:8fd4:5e68:1256%en0', os.name: 'Mac OS X', os.arch: 'aarch64', os.version: '12.0.1', java.version: '11.0.16.1'\nDriver info: io.appium.java_client.android.AndroidDriver\nCapabilities {appActivity: kz.bcc.starbanking.ui.scree..., appPackage: kz.bcc.starbanking.stage, databaseEnabled: false, desired: {appActivity: kz.bcc.starbanking.ui.scree..., appPackage: kz.bcc.starbanking.stage, deviceName: Redmi Note 10S, platformName: android, platformVersion: 11.0}, deviceApiLevel: 30, deviceManufacturer: Xiaomi, deviceModel: M2101K7BG, deviceName: 8XROHY8LJBEA7LVS, deviceScreenDensity: 440, deviceScreenSize: 1080x2400, deviceUDID: 8XROHY8LJBEA7LVS, javascriptEnabled: true, locationContextEnabled: false, networkConnectionEnabled: true, pixelRatio: 2.75, platform: LINUX, platformName: Android, platformVersion: 11, statBarHeight: 93, takesScreenshot: true, viewportRect: {height: 2084, left: 0, top: 93, width: 1080}, warnings: {}, webStorageEnabled: false}\nSession ID: 3969fb73-9c1e-4ee9-909e-d2ccbafcbcfd\n*** Element info: {Using=xpath, value=}","trace":"org.openqa.selenium.WebDriverException: An unknown server-side error occurred while processing the command. Original error: Must provide a selector when finding elements\nBuild info: version: '3.141.59', revision: 'e82be7d358', time: '2018-11-14T08:17:03'\nSystem info: host: 'MacBook-Air-Kasin.local', ip: 'fe80:0:0:0:10aa:8fd4:5e68:1256%en0', os.name: 'Mac OS X', os.arch: 'aarch64', os.version: '12.0.1', java.version: '11.0.16.1'\nDriver info: io.appium.java_client.android.AndroidDriver\nCapabilities {appActivity: kz.bcc.starbanking.ui.scree..., appPackage: kz.bcc.starbanking.stage, databaseEnabled: false, desired: {appActivity: kz.bcc.starbanking.ui.scree..., appPackage: kz.bcc.starbanking.stage, deviceName: Redmi Note 10S, platformName: android, platformVersion: 11.0}, deviceApiLevel: 30, deviceManufacturer: Xiaomi, deviceModel: M2101K7BG, deviceName: 8XROHY8LJBEA7LVS, deviceScreenDensity: 440, deviceScreenSize: 1080x2400, deviceUDID: 8XROHY8LJBEA7LVS, javascriptEnabled: true, locationContextEnabled: false, networkConnectionEnabled: true, pixelRatio: 2.75, platform: LINUX, platformName: Android, platformVersion: 11, statBarHeight: 93, takesScreenshot: true, viewportRect: {height: 2084, left: 0, top: 93, width: 1080}, warnings: {}, webStorageEnabled: false}\nSession ID: 3969fb73-9c1e-4ee9-909e-d2ccbafcbcfd\n*** Element info: {Using=xpath, value=}\n\tat java.base/jdk.internal.reflect.NativeConstructorAccessorImpl.newInstance0(Native Method)\n\tat java.base/jdk.internal.reflect.NativeConstructorAccessorImpl.newInstance(NativeConstructorAccessorImpl.java:62)\n\tat java.base/jdk.internal.reflect.DelegatingConstructorAccessorImpl.newInstance(DelegatingConstructorAccessorImpl.java:45)\n\tat java.base/java.lang.reflect.Constructor.newInstance(Constructor.java:490)\n\tat org.openqa.selenium.remote.http.W3CHttpResponseCodec.createException(W3CHttpResponseCodec.java:187)\n\tat org.openqa.selenium.remote.http.W3CHttpResponseCodec.decode(W3CHttpResponseCodec.java:122)\n\tat org.openqa.selenium.remote.http.W3CHttpResponseCodec.decode(W3CHttpResponseCodec.java:49)\n\tat org.openqa.selenium.remote.HttpCommandExecutor.execute(HttpCommandExecutor.java:158)\n\tat io.appium.java_client.remote.AppiumCommandExecutor.execute(AppiumCommandExecutor.java:247)\n\tat org.openqa.selenium.remote.RemoteWebDriver.execute(RemoteWebDriver.java:552)\n\tat io.appium.java_client.DefaultGenericMobileDriver.execute(DefaultGenericMobileDriver.java:41)\n\tat io.appium.java_client.AppiumDriver.execute(AppiumDriver.java:1)\n\tat io.appium.java_client.android.AndroidDriver.execute(AndroidDriver.java:1)\n\tat org.openqa.selenium.remote.RemoteWebDriver.findElement(RemoteWebDriver.java:323)\n\tat io.appium.java_client.DefaultGenericMobileDriver.findElement(DefaultGenericMobileDriver.java:61)\n\tat io.appium.java_client.AppiumDriver.findElement(AppiumDriver.java:1)\n\tat io.appium.java_client.android.AndroidDriver.findElement(AndroidDriver.java:1)\n\tat org.openqa.selenium.remote.RemoteWebDriver.findElementByXPath(RemoteWebDriver.java:428)\n\tat io.appium.java_client.DefaultGenericMobileDriver.findElementByXPath(DefaultGenericMobileDriver.java:151)\n\tat io.appium.java_client.AppiumDriver.findElementByXPath(AppiumDriver.java:1)\n\tat io.appium.java_client.android.AndroidDriver.findElementByXPath(AndroidDriver.java:1)\n\tat org.openqa.selenium.By$ByXPath.findElement(By.java:353)\n\tat org.openqa.selenium.remote.RemoteWebDriver.findElement(RemoteWebDriver.java:315)\n\tat io.appium.java_client.DefaultGenericMobileDriver.findElement(DefaultGenericMobileDriver.java:57)\n\tat io.appium.java_client.AppiumDriver.findElement(AppiumDriver.java:1)\n\tat io.appium.java_client.android.AndroidDriver.findElement(AndroidDriver.java:1)\n\tat AuthListPage.waitforloadaccountList(AuthListPage.java:105)\n\tat TestBase.auth_complete(TestBase.java:39)\n\tat todoAndroid.code(todoAndroid.java:70)\n\tat java.base/jdk.internal.reflect.NativeMethodAccessorImpl.invoke0(Native Method)\n\tat java.base/jdk.internal.reflect.NativeMethodAccessorImpl.invoke(NativeMethodAccessorImpl.java:62)\n\tat java.base/jdk.internal.reflect.DelegatingMethodAccessorImpl.invoke(DelegatingMethodAccessorImpl.java:43)\n\tat java.base/java.lang.reflect.Method.invoke(Method.java:566)\n\tat org.testng.internal.MethodInvocationHelper.invokeMethod(MethodInvocationHelper.java:124)\n\tat org.testng.internal.Invoker.invokeMethod(Invoker.java:583)\n\tat org.testng.internal.Invoker.invokeTestMethod(Invoker.java:719)\n\tat org.testng.internal.Invoker.invokeTestMethods(Invoker.java:989)\n\tat org.testng.internal.TestMethodWorker.invokeTestMethods(TestMethodWorker.java:125)\n\tat org.testng.internal.TestMethodWorker.run(TestMethodWorker.java:109)\n\tat org.testng.TestRunner.privateRun(TestRunner.java:648)\n\tat org.testng.TestRunner.run(TestRunner.java:505)\n\tat org.testng.SuiteRunner.runTest(SuiteRunner.java:455)\n\tat org.testng.SuiteRunner.runSequentially(SuiteRunner.java:450)\n\tat org.testng.SuiteRunner.privateRun(SuiteRunner.java:415)\n\tat org.testng.SuiteRunner.run(SuiteRunner.java:364)\n\tat org.testng.SuiteRunnerWorker.runSuite(SuiteRunnerWorker.java:52)\n\tat org.testng.SuiteRunnerWorker.run(SuiteRunnerWorker.java:84)\n\tat org.testng.TestNG.runSuitesSequentially(TestNG.java:1208)\n\tat org.testng.TestNG.runSuitesLocally(TestNG.java:1137)\n\tat org.testng.TestNG.runSuites(TestNG.java:1049)\n\tat org.testng.TestNG.run(TestNG.java:1017)\n\tat com.intellij.rt.testng.IDEARemoteTestNG.run(IDEARemoteTestNG.java:66)\n\tat com.intellij.rt.testng.RemoteTestNGStarter.main(RemoteTestNGStarter.java:109)\n"},"stage":"finished","steps":[],"attachments":[],"parameters":[],"start":1669978618046,"stop":1669978618124}],"attachments":[],"parameters":[],"start":1669978592569,"stop":1669978618130}