{"uuid":"fe8e821f-25cf-4d1c-a7d6-098901a68459","historyId":"b41c32f5f903b92aa5dc288dc9c20702","fullName":"todoAndroid.code","labels":[{"name":"package","value":"todoAndroid"},{"name":"testClass","value":"todoAndroid"},{"name":"testMethod","value":"code"},{"name":"parentSuite","value":"Default Suite"},{"name":"suite","value":"test"},{"name":"subSuite","value":"todoAndroid"},{"name":"host","value":"MacBook-Air-Kasin.local"},{"name":"thread","value":"30302@MacBook-Air-Kasin.local.main(1)"},{"name":"framework","value":"testng"},{"name":"language","value":"java"}],"links":[],"name":"code","status":"broken","statusDetails":{"known":false,"muted":false,"flaky":false,"message":"Cached elements 'By.clazz: android.widget.TextView' do not exist in DOM anymore\nFor documentation on this error, please visit: https://www.seleniumhq.org/exceptions/stale_element_reference.html\nBuild info: version: '3.141.59', revision: 'e82be7d358', time: '2018-11-14T08:17:03'\nSystem info: host: 'MacBook-Air-Kasin.local', ip: 'fe80:0:0:0:10aa:8fd4:5e68:1256%en0', os.name: 'Mac OS X', os.arch: 'aarch64', os.version: '12.0.1', java.version: '11.0.16.1'\nDriver info: io.appium.java_client.android.AndroidDriver\nCapabilities {appActivity: kz.bcc.starbanking.ui.scree..., appPackage: kz.bcc.starbanking.stage, databaseEnabled: false, desired: {appActivity: kz.bcc.starbanking.ui.scree..., appPackage: kz.bcc.starbanking.stage, deviceName: Redmi Note 10S, platformName: android, platformVersion: 11.0}, deviceApiLevel: 30, deviceManufacturer: Xiaomi, deviceModel: M2101K7BG, deviceName: 8XROHY8LJBEA7LVS, deviceScreenDensity: 440, deviceScreenSize: 1080x2400, deviceUDID: 8XROHY8LJBEA7LVS, javascriptEnabled: true, locationContextEnabled: false, networkConnectionEnabled: true, pixelRatio: 2.75, platform: LINUX, platformName: Android, platformVersion: 11, statBarHeight: 93, takesScreenshot: true, viewportRect: {height: 2084, left: 0, top: 93, width: 1080}, warnings: {}, webStorageEnabled: false}\nSession ID: 7c6375b3-2735-430b-9c88-57805ac6b51e","trace":"org.openqa.selenium.StaleElementReferenceException: Cached elements 'By.clazz: android.widget.TextView' do not exist in DOM anymore\nFor documentation on this error, please visit: https://www.seleniumhq.org/exceptions/stale_element_reference.html\nBuild info: version: '3.141.59', revision: 'e82be7d358', time: '2018-11-14T08:17:03'\nSystem info: host: 'MacBook-Air-Kasin.local', ip: 'fe80:0:0:0:10aa:8fd4:5e68:1256%en0', os.name: 'Mac OS X', os.arch: 'aarch64', os.version: '12.0.1', java.version: '11.0.16.1'\nDriver info: io.appium.java_client.android.AndroidDriver\nCapabilities {appActivity: kz.bcc.starbanking.ui.scree..., appPackage: kz.bcc.starbanking.stage, databaseEnabled: false, desired: {appActivity: kz.bcc.starbanking.ui.scree..., appPackage: kz.bcc.starbanking.stage, deviceName: Redmi Note 10S, platformName: android, platformVersion: 11.0}, deviceApiLevel: 30, deviceManufacturer: Xiaomi, deviceModel: M2101K7BG, deviceName: 8XROHY8LJBEA7LVS, deviceScreenDensity: 440, deviceScreenSize: 1080x2400, deviceUDID: 8XROHY8LJBEA7LVS, javascriptEnabled: true, locationContextEnabled: false, networkConnectionEnabled: true, pixelRatio: 2.75, platform: LINUX, platformName: Android, platformVersion: 11, statBarHeight: 93, takesScreenshot: true, viewportRect: {height: 2084, left: 0, top: 93, width: 1080}, warnings: {}, webStorageEnabled: false}\nSession ID: 7c6375b3-2735-430b-9c88-57805ac6b51e\n\tat java.base/jdk.internal.reflect.NativeConstructorAccessorImpl.newInstance0(Native Method)\n\tat java.base/jdk.internal.reflect.NativeConstructorAccessorImpl.newInstance(NativeConstructorAccessorImpl.java:62)\n\tat java.base/jdk.internal.reflect.DelegatingConstructorAccessorImpl.newInstance(DelegatingConstructorAccessorImpl.java:45)\n\tat java.base/java.lang.reflect.Constructor.newInstance(Constructor.java:490)\n\tat org.openqa.selenium.remote.http.W3CHttpResponseCodec.createException(W3CHttpResponseCodec.java:187)\n\tat org.openqa.selenium.remote.http.W3CHttpResponseCodec.decode(W3CHttpResponseCodec.java:122)\n\tat org.openqa.selenium.remote.http.W3CHttpResponseCodec.decode(W3CHttpResponseCodec.java:49)\n\tat org.openqa.selenium.remote.HttpCommandExecutor.execute(HttpCommandExecutor.java:158)\n\tat io.appium.java_client.remote.AppiumCommandExecutor.execute(AppiumCommandExecutor.java:247)\n\tat org.openqa.selenium.remote.RemoteWebDriver.execute(RemoteWebDriver.java:552)\n\tat io.appium.java_client.DefaultGenericMobileDriver.execute(DefaultGenericMobileDriver.java:41)\n\tat io.appium.java_client.AppiumDriver.execute(AppiumDriver.java:1)\n\tat io.appium.java_client.android.AndroidDriver.execute(AndroidDriver.java:1)\n\tat org.openqa.selenium.remote.RemoteWebElement.execute(RemoteWebElement.java:285)\n\tat io.appium.java_client.DefaultGenericMobileElement.execute(DefaultGenericMobileElement.java:45)\n\tat io.appium.java_client.MobileElement.execute(MobileElement.java:1)\n\tat io.appium.java_client.android.AndroidElement.execute(AndroidElement.java:1)\n\tat org.openqa.selenium.remote.RemoteWebElement.getText(RemoteWebElement.java:166)\n\tat AuthListPage.setButtonsCode(AuthListPage.java:99)\n\tat TestBase.auth_complete(TestBase.java:38)\n\tat todoAndroid.code(todoAndroid.java:69)\n\tat java.base/jdk.internal.reflect.NativeMethodAccessorImpl.invoke0(Native Method)\n\tat java.base/jdk.internal.reflect.NativeMethodAccessorImpl.invoke(NativeMethodAccessorImpl.java:62)\n\tat java.base/jdk.internal.reflect.DelegatingMethodAccessorImpl.invoke(DelegatingMethodAccessorImpl.java:43)\n\tat java.base/java.lang.reflect.Method.invoke(Method.java:566)\n\tat org.testng.internal.MethodInvocationHelper.invokeMethod(MethodInvocationHelper.java:124)\n\tat org.testng.internal.Invoker.invokeMethod(Invoker.java:583)\n\tat org.testng.internal.Invoker.invokeTestMethod(Invoker.java:719)\n\tat org.testng.internal.Invoker.invokeTestMethods(Invoker.java:989)\n\tat org.testng.internal.TestMethodWorker.invokeTestMethods(TestMethodWorker.java:125)\n\tat org.testng.internal.TestMethodWorker.run(TestMethodWorker.java:109)\n\tat org.testng.TestRunner.privateRun(TestRunner.java:648)\n\tat org.testng.TestRunner.run(TestRunner.java:505)\n\tat org.testng.SuiteRunner.runTest(SuiteRunner.java:455)\n\tat org.testng.SuiteRunner.runSequentially(SuiteRunner.java:450)\n\tat org.testng.SuiteRunner.privateRun(SuiteRunner.java:415)\n\tat org.testng.SuiteRunner.run(SuiteRunner.java:364)\n\tat org.testng.SuiteRunnerWorker.runSuite(SuiteRunnerWorker.java:52)\n\tat org.testng.SuiteRunnerWorker.run(SuiteRunnerWorker.java:84)\n\tat org.testng.TestNG.runSuitesSequentially(TestNG.java:1208)\n\tat org.testng.TestNG.runSuitesLocally(TestNG.java:1137)\n\tat org.testng.TestNG.runSuites(TestNG.java:1049)\n\tat org.testng.TestNG.run(TestNG.java:1017)\n\tat com.intellij.rt.testng.IDEARemoteTestNG.run(IDEARemoteTestNG.java:66)\n\tat com.intellij.rt.testng.RemoteTestNGStarter.main(RemoteTestNGStarter.java:109)\n"},"stage":"finished","steps":[{"name":"Клик по кнопке Войти на экране сплеша","status":"passed","stage":"finished","steps":[],"attachments":[],"parameters":[],"start":1669973859354,"stop":1669973861884},{"name":"Ввод телефона 7756655544 в поле телефона","status":"passed","stage":"finished","steps":[],"attachments":[],"parameters":[{"name":"login","value":"7756655544"}],"start":1669973861886,"stop":1669973863341},{"name":"Ввод пароля orapas123 в поле пароля","status":"passed","stage":"finished","steps":[],"attachments":[],"parameters":[{"name":"pass","value":"orapas123"}],"start":1669973863343,"stop":1669973864322},{"name":"Клик по кнопке Войти на экране авторизации","status":"passed","stage":"finished","steps":[],"attachments":[],"parameters":[],"start":1669973864322,"stop":1669973864997},{"name":"Попытка клика по кнопке разрешения на получение геолокации","status":"passed","stage":"finished","steps":[],"attachments":[],"parameters":[],"start":1669973864998,"stop":1669973866012},{"name":"setButtonsCode","status":"broken","statusDetails":{"known":false,"muted":false,"flaky":false,"message":"Cached elements 'By.clazz: android.widget.TextView' do not exist in DOM anymore\nFor documentation on this error, please visit: https://www.seleniumhq.org/exceptions/stale_element_reference.html\nBuild info: version: '3.141.59', revision: 'e82be7d358', time: '2018-11-14T08:17:03'\nSystem info: host: 'MacBook-Air-Kasin.local', ip: 'fe80:0:0:0:10aa:8fd4:5e68:1256%en0', os.name: 'Mac OS X', os.arch: 'aarch64', os.version: '12.0.1', java.version: '11.0.16.1'\nDriver info: io.appium.java_client.android.AndroidDriver\nCapabilities {appActivity: kz.bcc.starbanking.ui.scree..., appPackage: kz.bcc.starbanking.stage, databaseEnabled: false, desired: {appActivity: kz.bcc.starbanking.ui.scree..., appPackage: kz.bcc.starbanking.stage, deviceName: Redmi Note 10S, platformName: android, platformVersion: 11.0}, deviceApiLevel: 30, deviceManufacturer: Xiaomi, deviceModel: M2101K7BG, deviceName: 8XROHY8LJBEA7LVS, deviceScreenDensity: 440, deviceScreenSize: 1080x2400, deviceUDID: 8XROHY8LJBEA7LVS, javascriptEnabled: true, locationContextEnabled: false, networkConnectionEnabled: true, pixelRatio: 2.75, platform: LINUX, platformName: Android, platformVersion: 11, statBarHeight: 93, takesScreenshot: true, viewportRect: {height: 2084, left: 0, top: 93, width: 1080}, warnings: {}, webStorageEnabled: false}\nSession ID: 7c6375b3-2735-430b-9c88-57805ac6b51e","trace":"org.openqa.selenium.StaleElementReferenceException: Cached elements 'By.clazz: android.widget.TextView' do not exist in DOM anymore\nFor documentation on this error, please visit: https://www.seleniumhq.org/exceptions/stale_element_reference.html\nBuild info: version: '3.141.59', revision: 'e82be7d358', time: '2018-11-14T08:17:03'\nSystem info: host: 'MacBook-Air-Kasin.local', ip: 'fe80:0:0:0:10aa:8fd4:5e68:1256%en0', os.name: 'Mac OS X', os.arch: 'aarch64', os.version: '12.0.1', java.version: '11.0.16.1'\nDriver info: io.appium.java_client.android.AndroidDriver\nCapabilities {appActivity: kz.bcc.starbanking.ui.scree..., appPackage: kz.bcc.starbanking.stage, databaseEnabled: false, desired: {appActivity: kz.bcc.starbanking.ui.scree..., appPackage: kz.bcc.starbanking.stage, deviceName: Redmi Note 10S, platformName: android, platformVersion: 11.0}, deviceApiLevel: 30, deviceManufacturer: Xiaomi, deviceModel: M2101K7BG, deviceName: 8XROHY8LJBEA7LVS, deviceScreenDensity: 440, deviceScreenSize: 1080x2400, deviceUDID: 8XROHY8LJBEA7LVS, javascriptEnabled: true, locationContextEnabled: false, networkConnectionEnabled: true, pixelRatio: 2.75, platform: LINUX, platformName: Android, platformVersion: 11, statBarHeight: 93, takesScreenshot: true, viewportRect: {height: 2084, left: 0, top: 93, width: 1080}, warnings: {}, webStorageEnabled: false}\nSession ID: 7c6375b3-2735-430b-9c88-57805ac6b51e\n\tat java.base/jdk.internal.reflect.NativeConstructorAccessorImpl.newInstance0(Native Method)\n\tat java.base/jdk.internal.reflect.NativeConstructorAccessorImpl.newInstance(NativeConstructorAccessorImpl.java:62)\n\tat java.base/jdk.internal.reflect.DelegatingConstructorAccessorImpl.newInstance(DelegatingConstructorAccessorImpl.java:45)\n\tat java.base/java.lang.reflect.Constructor.newInstance(Constructor.java:490)\n\tat org.openqa.selenium.remote.http.W3CHttpResponseCodec.createException(W3CHttpResponseCodec.java:187)\n\tat org.openqa.selenium.remote.http.W3CHttpResponseCodec.decode(W3CHttpResponseCodec.java:122)\n\tat org.openqa.selenium.remote.http.W3CHttpResponseCodec.decode(W3CHttpResponseCodec.java:49)\n\tat org.openqa.selenium.remote.HttpCommandExecutor.execute(HttpCommandExecutor.java:158)\n\tat io.appium.java_client.remote.AppiumCommandExecutor.execute(AppiumCommandExecutor.java:247)\n\tat org.openqa.selenium.remote.RemoteWebDriver.execute(RemoteWebDriver.java:552)\n\tat io.appium.java_client.DefaultGenericMobileDriver.execute(DefaultGenericMobileDriver.java:41)\n\tat io.appium.java_client.AppiumDriver.execute(AppiumDriver.java:1)\n\tat io.appium.java_client.android.AndroidDriver.execute(AndroidDriver.java:1)\n\tat org.openqa.selenium.remote.RemoteWebElement.execute(RemoteWebElement.java:285)\n\tat io.appium.java_client.DefaultGenericMobileElement.execute(DefaultGenericMobileElement.java:45)\n\tat io.appium.java_client.MobileElement.execute(MobileElement.java:1)\n\tat io.appium.java_client.android.AndroidElement.execute(AndroidElement.java:1)\n\tat org.openqa.selenium.remote.RemoteWebElement.getText(RemoteWebElement.java:166)\n\tat AuthListPage.setButtonsCode(AuthListPage.java:99)\n\tat TestBase.auth_complete(TestBase.java:38)\n\tat todoAndroid.code(todoAndroid.java:69)\n\tat java.base/jdk.internal.reflect.NativeMethodAccessorImpl.invoke0(Native Method)\n\tat java.base/jdk.internal.reflect.NativeMethodAccessorImpl.invoke(NativeMethodAccessorImpl.java:62)\n\tat java.base/jdk.internal.reflect.DelegatingMethodAccessorImpl.invoke(DelegatingMethodAccessorImpl.java:43)\n\tat java.base/java.lang.reflect.Method.invoke(Method.java:566)\n\tat org.testng.internal.MethodInvocationHelper.invokeMethod(MethodInvocationHelper.java:124)\n\tat org.testng.internal.Invoker.invokeMethod(Invoker.java:583)\n\tat org.testng.internal.Invoker.invokeTestMethod(Invoker.java:719)\n\tat org.testng.internal.Invoker.invokeTestMethods(Invoker.java:989)\n\tat org.testng.internal.TestMethodWorker.invokeTestMethods(TestMethodWorker.java:125)\n\tat org.testng.internal.TestMethodWorker.run(TestMethodWorker.java:109)\n\tat org.testng.TestRunner.privateRun(TestRunner.java:648)\n\tat org.testng.TestRunner.run(TestRunner.java:505)\n\tat org.testng.SuiteRunner.runTest(SuiteRunner.java:455)\n\tat org.testng.SuiteRunner.runSequentially(SuiteRunner.java:450)\n\tat org.testng.SuiteRunner.privateRun(SuiteRunner.java:415)\n\tat org.testng.SuiteRunner.run(SuiteRunner.java:364)\n\tat org.testng.SuiteRunnerWorker.runSuite(SuiteRunnerWorker.java:52)\n\tat org.testng.SuiteRunnerWorker.run(SuiteRunnerWorker.java:84)\n\tat org.testng.TestNG.runSuitesSequentially(TestNG.java:1208)\n\tat org.testng.TestNG.runSuitesLocally(TestNG.java:1137)\n\tat org.testng.TestNG.runSuites(TestNG.java:1049)\n\tat org.testng.TestNG.run(TestNG.java:1017)\n\tat com.intellij.rt.testng.IDEARemoteTestNG.run(IDEARemoteTestNG.java:66)\n\tat com.intellij.rt.testng.RemoteTestNGStarter.main(RemoteTestNGStarter.java:109)\n"},"stage":"finished","steps":[],"attachments":[],"parameters":[],"start":1669973866013,"stop":1669973874641}],"attachments":[],"parameters":[],"start":1669973852913,"stop":1669973874649}